<?xml version="1.0" encoding="UTF-8"?>
<testsuite xmlns:xsi="http://www.w3.org/2001/XMLSchema-instance" xsi:noNamespaceSchemaLocation="https://maven.apache.org/surefire/maven-surefire-plugin/xsd/surefire-test-report.xsd" version="3.0.2" name="org.lubanzi.CoreOps.TestRunner.TestRunner" time="43.319" tests="2" errors="0" skipped="0" failures="2">
  <properties>
[...]
</properties>
  <testcase name="Verify that the dashboard correctly displays the correct key data values." classname="org.lubanzi.CoreOps.TestRunner.TestRunner" time="19.057">
    <failure message="expected [true] but found [false]" type="java.lang.AssertionError"><![CDATA[java.lang.AssertionError: expected [true] but found [false]
	at org.testng.Assert.fail(Assert.java:111)
	at org.testng.Assert.failNotEquals(Assert.java:1590)
	at org.testng.Assert.assertTrue(Assert.java:57)
	at org.testng.Assert.assertTrue(Assert.java:67)
	at org.lubanzi.CoreOps.StepDefinitions.DashboardStepDef.iShouldSeeAClearSummaryDisplayingTheTotalCountForProjectsEmployeesSubmitted_timesheetsAndLeave_Requests(DashboardStepDef.java:42)
	at ✽.I should see a clear summary displaying the total count for projects, employees, submitted_timesheets and leave_Requests.(file:///C:/Users/DumisaniMbhele(Luban/Code/Coreops-test-suite/src/test/resources/Features/Dashboard.feature:12)
]]></failure>
    <system-out><![CDATA[
@Dashboard
&amp#27;[1mScenario:&amp#27;[22m Verify that the dashboard correctly displays the correct key data values.                                                &amp#27;[90m# file:///C:/Users/DumisaniMbhele(Luban/Code/Coreops-test-suite/src/test/resources/Features/Dashboard.feature:10&amp#27;[39m
  &amp#27;[32m✔&amp#27;[39m &amp#27;[32m&amp#27;[1mGiven &amp#27;[22mi am logged into the system as a valid user.&amp#27;[39m                                                                             &amp#27;[90m# org.lubanzi.CoreOps.StepDefinitions.DashboardStepDef.i_am_logged_into_the_system_as_a_valid_user()&amp#27;[39m
  &amp#27;[32m✔&amp#27;[39m &amp#27;[32m&amp#27;[1mGiven &amp#27;[22mi am on the dashboard page&amp#27;[39m                                                                                               &amp#27;[90m# org.lubanzi.CoreOps.StepDefinitions.DashboardStepDef.i_am_on_the_dashboard_page()&amp#27;[39m
  &amp#27;[31m✘&amp#27;[39m &amp#27;[31m&amp#27;[1mThen &amp#27;[22mI should see a clear summary displaying the total count for projects, employees, submitted_timesheets and leave_Requests.&amp#27;[39m &amp#27;[90m# org.lubanzi.CoreOps.StepDefinitions.DashboardStepDef.iShouldSeeAClearSummaryDisplayingTheTotalCountForProjectsEmployeesSubmitted_timesheetsAndLeave_Requests()&amp#27;[39m
        &amp#27;[31mjava.lang.AssertionError: expected [true] but found [false]&amp#27;[39m
        &amp#27;[31m	at org.testng.Assert.fail(Assert.java:111)&amp#27;[39m
        &amp#27;[31m	at org.testng.Assert.failNotEquals(Assert.java:1590)&amp#27;[39m
        &amp#27;[31m	at org.testng.Assert.assertTrue(Assert.java:57)&amp#27;[39m
        &amp#27;[31m	at org.testng.Assert.assertTrue(Assert.java:67)&amp#27;[39m
        &amp#27;[31m	at org.lubanzi.CoreOps.StepDefinitions.DashboardStepDef.iShouldSeeAClearSummaryDisplayingTheTotalCountForProjectsEmployeesSubmitted_timesheetsAndLeave_Requests(DashboardStepDef.java:42)&amp#27;[39m
        &amp#27;[31m	at ✽.I should see a clear summary displaying the total count for projects, employees, submitted_timesheets and leave_Requests.(file:///C:/Users/DumisaniMbhele(Luban/Code/Coreops-test-suite/src/test/resources/Features/Dashboard.feature:12)&amp#27;[39m
]]></system-out>
    <system-err><![CDATA[Sept 19, 2025 3:29:11 PM org.openqa.selenium.manager.SeleniumManager lambda$runCommand$1
WARNING: The geckodriver version (0.36.0) detected in PATH at C:\Users\DumisaniMbhele(Luban\Drivers\geckodriver.exe might not be compatible with the detected firefox version (74.0); currently, geckodriver 0.29.1 is recommended for firefox 74.*, so it is advised to delete the driver in PATH and retry
]]></system-err>
  </testcase>
  <testcase name="Leave list displays the correct information" classname="org.lubanzi.CoreOps.TestRunner.TestRunner" time="19.422">
    <failure message="Incorrect value found in the table expected [true] but found [false]" type="java.lang.AssertionError"><![CDATA[java.lang.AssertionError: Incorrect value found in the table expected [true] but found [false]
	at org.testng.Assert.fail(Assert.java:111)
	at org.testng.Assert.failNotEquals(Assert.java:1590)
	at org.testng.Assert.assertTrue(Assert.java:57)
	at org.lubanzi.CoreOps.StepDefinitions.LeaveRequestListStepDef.theTableSEntriesShouldClearlyDisplayTheEmployeeSNameTypeOfLeaveStartAndEndDatesDaysRemainingReasonStatusAndAction(LeaveRequestListStepDef.java:43)
	at ✽.the table's entries should clearly display the employee’s name,type of Leave start and end dates, days remaining, reason, status. and action.(file:///C:/Users/DumisaniMbhele(Luban/Code/Coreops-test-suite/src/test/resources/Features/LeaveRequestList.feature:14)
]]></failure>
    <system-out><![CDATA[
@LeaveRequest @DashboardDisplay
&amp#27;[1mScenario:&amp#27;[22m Leave list displays the correct information                                                                                                  &amp#27;[90m# file:///C:/Users/DumisaniMbhele(Luban/Code/Coreops-test-suite/src/test/resources/Features/LeaveRequestList.feature:11&amp#27;[39m
  &amp#27;[32m✔&amp#27;[39m &amp#27;[32m&amp#27;[1mGiven &amp#27;[22mi am logged into the system as a valid user.&amp#27;[39m                                                                                                 &amp#27;[90m# org.lubanzi.CoreOps.StepDefinitions.DashboardStepDef.i_am_logged_into_the_system_as_a_valid_user()&amp#27;[39m
  &amp#27;[32m✔&amp#27;[39m &amp#27;[32m&amp#27;[1mWhen &amp#27;[22mI click the leave dropdown&amp#27;[39m                                                                                                                    &amp#27;[90m# org.lubanzi.CoreOps.StepDefinitions.LeaveRequestListStepDef.I_click_the_Leave_dropdown()&amp#27;[39m
  &amp#27;[32m✔&amp#27;[39m &amp#27;[32m&amp#27;[1mAnd &amp#27;[22mi click the leave request list tab&amp#27;[39m                                                                                                             &amp#27;[90m# org.lubanzi.CoreOps.StepDefinitions.LeaveRequestListStepDef.iClickTheLeaveRequestListTab()&amp#27;[39m
  &amp#27;[32m✔&amp#27;[39m &amp#27;[32m&amp#27;[1mGiven &amp#27;[22mi am on the leave Request list&amp#27;[39m                                                                                                               &amp#27;[90m# org.lubanzi.CoreOps.StepDefinitions.LeaveRequestListStepDef.iAmOnTheLeaveRequestList()&amp#27;[39m
  &amp#27;[32m✔&amp#27;[39m &amp#27;[32m&amp#27;[1mWhen &amp#27;[22mI see the table&amp#27;[39m                                                                                                                               &amp#27;[90m# org.lubanzi.CoreOps.StepDefinitions.LeaveRequestListStepDef.iSeeTheTable()&amp#27;[39m
Row 1: []
Row 2: [Phumzile Motau, Annual, 04 Feb 2025, 07 Feb 2025, tired, Rejected, 4, 03 Feb 2025, ]
Row 3: [Gugu, Annual, 06 Feb 2025, 07 Feb 2025, Interview, Rejected, 2, 04 Feb 2025, ]
Row 4: [Phumzile Motau, Sick, 04 Feb 2025, 14 Feb 2025, headache, Rejected, 9, 04 Feb 2025, ]
Row 5: [Phumzile Motau, Sick, 19 Feb 2025, 21 Feb 2025, Doctor's appointment, Cancelled, 3, 17 Feb 2025, ]
Row 6: [Phumzile Motau, Annual, 01 Apr 2025, 02 Apr 2025, .., Rejected, 2, 28 Mar 2025, ]
Row 7: [Phumzile Motau, Sick, 01 May 2025, 05 May 2025, headache, Cancelled, 3, 26 May 2025, ]
Row 8: [Select Employee, , 18 Jun 2025, 17 Jun 2025, , Rejected, 0, 12 Jun 2025, ]
Row 9: [Select Employee, Sick, 11 Jun 2025, 24 Jun 2025, , Approved, 10, 12 Jun 2025, ]
Row 10: [Solomon Spencer, Annual, 16 Jun 2025, 23 Jun 2025, Sick, Approved, 6, 12 Jun 2025, ]
Row 11: [Solomon Spencer, Annual, 16 Jun 2025, 23 Jun 2025, Sick, Rejected, 6, 12 Jun 2025, ]
Row 12: [Phumzile Motau, Annual, 13 Jun 2025, 17 Jun 2025, Allergic to Mondays., Cancelled, 3, 12 Jun 2025, ]
Row 13: [Naledi, Maternity, 20 Jun 2025, 20 Aug 2025, I'm due to give birth this month, Cancelled, 44, 19 Jun 2025, ]
Row 14: [Ndzalo, Annual, 19 Jun 2025, 23 Jun 2025, Tired, Rejected, 3, 19 Jun 2025, ]
Row 15: [Naledi, Study, 30 Jun 2025, 05 Jul 2025, The reason I am applying for this Leave is because I want to prepare/study for the upcoming Exam., Rejected, 5, 26 Jun 2025, ]
Row 16: [Naledi, Sick, 01 Jul 2025, 04 Jul 2025, sick, Cancelled, 4, 27 Jun 2025, ]
Row 17: [Naledi, Sick, 14 Jul 2025, 18 Jul 2025, I want to go to the Doctor, Cancelled, 5, 11 Jul 2025, ]
Row 18: [Naledi, Sick, 14 Jul 2025, 18 Jul 2025, I want to go to the Doctor, Cancelled, 5, 11 Jul 2025, ]
Row 19: [Naledi, Sick, 14 Jul 2025, 18 Jul 2025, I want to go to the Doctor, Rejected, 5, 11 Jul 2025, ]
Row 20: [Naledi, Sick, 14 Jul 2025, 18 Jul 2025, I want to go to the Doctor, Cancelled, 5, 11 Jul 2025, ]
Row 21: [Naledi, Sick, 14 Jul 2025, 18 Jul 2025, I want to go to the Doctor, Cancelled, 5, 11 Jul 2025, ]
Row 22: [Naledi, Sick, 14 Jul 2025, 18 Jul 2025, I want to go to the Doctor, Cancelled, 5, 14 Jul 2025, ]
Row 23: [Naledi, Sick, 14 Jul 2025, 18 Jul 2025, I want to go to the Doctor, Cancelled, 5, 14 Jul 2025, ]
Row 24: [Naledi, Sick, 14 Jul 2025, 18 Jul 2025, I want to go to the Doctor, Cancelled, 5, 14 Jul 2025, ]
Row 25: [Naledi, Sick, 14 Jul 2025, 18 Jul 2025, I want to go to the Doctor, Cancelled, 5, 14 Jul 2025, ]
Row 26: [Naledi, Sick, 16 Jul 2025, 18 Jul 2025, Doctor's appointment, Approved, 3, 16 Jul 2025, ]
Row 27: [Olwethu Mdutyulwa, Sick, 17 Jul 2025, 18 Jul 2025, Doctor's appointment, Rejected, 2, 16 Jul 2025, ]
Row 28: [Olwethu Mdutyulwa, Sick, 21 Jul 2025, 23 Jul 2025, Doctor's appointment, Approved, 3, 18 Jul 2025, ]
Row 29: [Zuziwe Maphumulo, Study, 22 Jul 2025, 25 Jul 2025, Study for exam, Rejected, 4, 18 Jul 2025, ]
Row 30: [Zuziwe Maphumulo, Study, 23 Jul 2025, 28 Jul 2025, study, Approved, 4, 22 Jul 2025, ]
Row 31: [Zuziwe Maphumulo, Study, 23 Jul 2025, 28 Jul 2025, study, Rejected, 4, 22 Jul 2025, ]
Row 32: [Naledi, Sick, 14 Jul 2025, 18 Jul 2025, I want to go to the Doctor, Rejected, 5, 22 Jul 2025, ]
Row 33: [Naledi, Sick, 14 Jul 2025, 18 Jul 2025, I want to go to the Doctor, Approved, 5, 22 Jul 2025, ]
Row 34: [Phumzile Motau, Sick, 25 Jul 2025, 25 Jul 2025, sick, Approved, 1, 24 Jul 2025, ]
Row 35: [Trust Nkuna, Annual, 30 Jul 2025, 01 Aug 2025, Tired, Cancelled, 3, 29 Jul 2025, ]
Row 36: [Trust Nkuna, Annual, 31 Jul 2025, 05 Aug 2025, Tired and Sick, Rejected, 4, 29 Jul 2025, ]
Row 37: [Trust Nkuna, Annual, 31 Jul 2025, 06 Aug 2025, Tired and Sick, Approved, 5, 29 Jul 2025, ]
Row 38: [Trust Nkuna, Sick, 06 Aug 2025, 08 Aug 2025, Doctors Appointment, Approved, 3, 05 Aug 2025, ]
Row 39: [Zinhle, Annual, 27 Aug 2025, 03 Sep 2025, Tired, Approved, 6, 26 Aug 2025, ]
Row 40: [Ndzalo Ngoveni, Sick, 28 Aug 2025, 29 Aug 2025, Doctor's appointment, Approved, 2, 27 Aug 2025, ]
Row 41: [Phumzile Motau, Annual, 01 Sep 2025, 04 Sep 2025, tired, Approved, 4, 02 Sep 2025, ]
Row 42: [Trust Nkuna, Sick, 11 Sep 2025, 17 Sep 2025, Sick, Approved, 5, 10 Sep 2025, ]
Row 43: [Trust Nkuna, Annual, 15 Sep 2025, 19 Sep 2025, Tired, Approved, 5, 12 Sep 2025, ]
Row 44: [Ndzalo Ngoveni, Annual, 17 Sep 2025, 19 Sep 2025, Tired, Rejected, 3, 12 Sep 2025, ]
Row 45: [Kamogelo Masha, Sick, 17 Sep 2025, 23 Sep 2025, sick, Approved, 5, 12 Sep 2025, ]
Row 46: [Zinhle, Study, 30 Sep 2025, 07 Oct 2025, Study for exam, Pending, 6, 12 Sep 2025, Review]
Row 47: [Phumzile Motau, Annual, 29 Sep 2025, 02 Oct 2025, Tired, Pending, 4, 12 Sep 2025, Review]
Row 48: [Olwethu Mdutyulwa, Annual, 07 Oct 2025, 09 Oct 2025, tired, Rejected, 3, 12 Sep 2025, ]
Row 49: [Dumisane Mbhele, Sick, 16 Sep 2025, 17 Sep 2025, Arthritis in the left eye., Approved, 2, 15 Sep 2025, ]
Row 50: [Dumisane Mbhele, Annual, 16 Sep 2025, 22 Sep 2025, Vacation for the holiday., Approved, 5, 15 Sep 2025, ]
Row 51: [Dumisane Mbhele, Annual, 16 Sep 2025, 22 Sep 2025, Vacation for the holiday., Pending, 5, 15 Sep 2025, Review]
Row 52: [Bokang Moche, Study, 15 Sep 2025, 17 Sep 2025, Study for automation qualification exam with Dumisane Mbhele, Rejected, 3, 15 Sep 2025, ]
Row 53: [Zuziwe Maphumulo, Sick, 22 Sep 2025, 25 Sep 2025, Tired, Pending, 4, 19 Sep 2025, Review]
Row 54: [Zuziwe Maphumulo, Sick, 22 Sep 2025, 25 Sep 2025, Tired, Rejected, 4, 19 Sep 2025, ]
  &amp#27;[31m✘&amp#27;[39m &amp#27;[31m&amp#27;[1mThen &amp#27;[22mthe table's entries should clearly display the employee’s name,type of Leave start and end dates, days remaining, reason, status. and action.&amp#27;[39m &amp#27;[90m# org.lubanzi.CoreOps.StepDefinitions.LeaveRequestListStepDef.theTableSEntriesShouldClearlyDisplayTheEmployeeSNameTypeOfLeaveStartAndEndDatesDaysRemainingReasonStatusAndAction()&amp#27;[39m
        &amp#27;[31mjava.lang.AssertionError: Incorrect value found in the table expected [true] but found [false]&amp#27;[39m
        &amp#27;[31m	at org.testng.Assert.fail(Assert.java:111)&amp#27;[39m
        &amp#27;[31m	at org.testng.Assert.failNotEquals(Assert.java:1590)&amp#27;[39m
        &amp#27;[31m	at org.testng.Assert.assertTrue(Assert.java:57)&amp#27;[39m
        &amp#27;[31m	at org.lubanzi.CoreOps.StepDefinitions.LeaveRequestListStepDef.theTableSEntriesShouldClearlyDisplayTheEmployeeSNameTypeOfLeaveStartAndEndDatesDaysRemainingReasonStatusAndAction(LeaveRequestListStepDef.java:43)&amp#27;[39m
        &amp#27;[31m	at ✽.the table's entries should clearly display the employee’s name,type of Leave start and end dates, days remaining, reason, status. and action.(file:///C:/Users/DumisaniMbhele(Luban/Code/Coreops-test-suite/src/test/resources/Features/LeaveRequestList.feature:14)&amp#27;[39m
]]></system-out>
    <system-err><![CDATA[Sept 19, 2025 3:29:28 PM org.openqa.selenium.manager.SeleniumManager lambda$runCommand$1
WARNING: The geckodriver version (0.36.0) detected in PATH at C:\Users\DumisaniMbhele(Luban\Drivers\geckodriver.exe might not be compatible with the detected firefox version (74.0); currently, geckodriver 0.29.1 is recommended for firefox 74.*, so it is advised to delete the driver in PATH and retry
]]></system-err>
  </testcase>
</testsuite>