<?xml version="1.0" encoding="UTF-8"?>
<testsuite xmlns:xsi="http://www.w3.org/2001/XMLSchema-instance" xsi:noNamespaceSchemaLocation="https://maven.apache.org/surefire/maven-surefire-plugin/xsd/surefire-test-report.xsd" version="3.0.2" name="org.lubanzi.CoreOps.TestRunner.TestRunner" time="32.818" tests="1" errors="0" skipped="0" failures="0">
  <properties>
[...]
</properties>
  <testcase name="varify search functionality using leave type" classname="org.lubanzi.CoreOps.TestRunner.TestRunner" time="28.351">
    <system-out><![CDATA[
@LeaveRequest @SearchWithLeaveType
&amp#27;[1mScenario Outline:&amp#27;[22m varify search functionality using leave type            &amp#27;[90m# file:///C:/Users/DumisaniMbhele(Luban/Code/Coreops-test-suite/src/test/resources/Features/LeaveRequestList.feature:64&amp#27;[39m
  &amp#27;[32m✔&amp#27;[39m &amp#27;[32m&amp#27;[1mGiven &amp#27;[22mi am logged into the system as a valid user.&amp#27;[39m                    &amp#27;[90m# org.lubanzi.CoreOps.StepDefinitions.DashboardStepDef.i_am_logged_into_the_system_as_a_valid_user()&amp#27;[39m
  &amp#27;[32m✔&amp#27;[39m &amp#27;[32m&amp#27;[1mWhen &amp#27;[22mI click the leave dropdown&amp#27;[39m                                       &amp#27;[90m# org.lubanzi.CoreOps.StepDefinitions.LeaveRequestListStepDef.I_click_the_Leave_dropdown()&amp#27;[39m
  &amp#27;[32m✔&amp#27;[39m &amp#27;[32m&amp#27;[1mAnd &amp#27;[22mi click the leave request list tab&amp#27;[39m                                &amp#27;[90m# org.lubanzi.CoreOps.StepDefinitions.LeaveRequestListStepDef.iClickTheLeaveRequestListTab()&amp#27;[39m
  &amp#27;[32m✔&amp#27;[39m &amp#27;[32m&amp#27;[1mGiven &amp#27;[22mi am on the leave Request list&amp#27;[39m                                  &amp#27;[90m# org.lubanzi.CoreOps.StepDefinitions.LeaveRequestListStepDef.iAmOnTheLeaveRequestList()&amp#27;[39m
  &amp#27;[32m✔&amp#27;[39m &amp#27;[32m&amp#27;[1mWhen &amp#27;[22min the search bar, i enter leave Type &amp#27;[1mAnnual&amp#27;[22m&amp#27;[39m                     &amp#27;[90m# org.lubanzi.CoreOps.StepDefinitions.LeaveRequestListStepDef.inTheSearchBarIEnterLeaveType(java.lang.String)&amp#27;[39m
Row 1: [Phumzile Motau, Annual, 04 Feb 2025, 07 Feb 2025, tired, Rejected, 4, 03 Feb 2025, ]
Row 2: [Gugu, Annual, 06 Feb 2025, 07 Feb 2025, Interview, Rejected, 2, 04 Feb 2025, ]
Row 3: [, , , , , , , , ]
Row 4: [, , , , , , , , ]
Row 5: [Phumzile Motau, Annual, 01 Apr 2025, 02 Apr 2025, .., Rejected, 2, 28 Mar 2025, ]
Row 6: [, , , , , , , , ]
Row 7: [, , , , , , , , ]
Row 8: [, , , , , , , , ]
Row 9: [Solomon Spencer, Annual, 16 Jun 2025, 23 Jun 2025, Sick, Approved, 6, 12 Jun 2025, ]
Row 10: [Solomon Spencer, Annual, 16 Jun 2025, 23 Jun 2025, Sick, Rejected, 6, 12 Jun 2025, ]
Row 11: [Phumzile Motau, Annual, 13 Jun 2025, 17 Jun 2025, Allergic to Mondays., Cancelled, 3, 12 Jun 2025, ]
Row 12: [, , , , , , , , ]
Row 13: [Ndzalo, Annual, 19 Jun 2025, 23 Jun 2025, Tired, Rejected, 3, 19 Jun 2025, ]
Row 14: [, , , , , , , , ]
Row 15: [, , , , , , , , ]
Row 16: [, , , , , , , , ]
Row 17: [, , , , , , , , ]
Row 18: [, , , , , , , , ]
Row 19: [, , , , , , , , ]
Row 20: [, , , , , , , , ]
Row 21: [, , , , , , , , ]
Row 22: [, , , , , , , , ]
Row 23: [, , , , , , , , ]
Row 24: [, , , , , , , , ]
Row 25: [, , , , , , , , ]
Row 26: [, , , , , , , , ]
Row 27: [, , , , , , , , ]
Row 28: [, , , , , , , , ]
Row 29: [, , , , , , , , ]
Row 30: [, , , , , , , , ]
Row 31: [, , , , , , , , ]
Row 32: [, , , , , , , , ]
Row 33: [, , , , , , , , ]
Row 34: [Trust Nkuna, Annual, 30 Jul 2025, 01 Aug 2025, Tired, Cancelled, 3, 29 Jul 2025, ]
Row 35: [Trust Nkuna, Annual, 31 Jul 2025, 05 Aug 2025, Tired and Sick, Rejected, 4, 29 Jul 2025, ]
Row 36: [Trust Nkuna, Annual, 31 Jul 2025, 06 Aug 2025, Tired and Sick, Approved, 5, 29 Jul 2025, ]
Row 37: [, , , , , , , , ]
Row 38: [Zinhle, Annual, 27 Aug 2025, 03 Sep 2025, Tired, Approved, 6, 26 Aug 2025, ]
Row 39: [, , , , , , , , ]
Row 40: [Phumzile Motau, Annual, 01 Sep 2025, 04 Sep 2025, tired, Approved, 4, 02 Sep 2025, ]
Row 41: [, , , , , , , , ]
Row 42: [Trust Nkuna, Annual, 15 Sep 2025, 19 Sep 2025, Tired, Approved, 5, 12 Sep 2025, ]
Row 43: [Ndzalo Ngoveni, Annual, 17 Sep 2025, 19 Sep 2025, Tired, Rejected, 3, 12 Sep 2025, ]
Row 44: [, , , , , , , , ]
Row 45: [, , , , , , , , ]
Row 46: [Phumzile Motau, Annual, 29 Sep 2025, 02 Oct 2025, Tired, Pending, 4, 12 Sep 2025, Review]
Row 47: [Olwethu Mdutyulwa, Annual, 07 Oct 2025, 09 Oct 2025, tired, Rejected, 3, 12 Sep 2025, ]
Row 48: [, , , , , , , , ]
Row 49: [Dumisane Mbhele, Annual, 16 Sep 2025, 22 Sep 2025, Vacation for the holiday., Approved, 5, 15 Sep 2025, ]
Row 50: [Dumisane Mbhele, Annual, 16 Sep 2025, 22 Sep 2025, Vacation for the holiday., Pending, 5, 15 Sep 2025, Review]
Row 51: [, , , , , , , , ]
Row 52: [, , , , , , , , ]
Row 53: [, , , , , , , , ]
Row 54: [Farmer Support, Annual, 23 Sep 2025, 25 Sep 2025, testing, Pending, 3, 22 Sep 2025, Review]
Row 55: [Farmer Support, Annual, 23 Sep 2025, 25 Sep 2025, testing, Pending, 3, 22 Sep 2025, Review]
Row 56: [Olwethu Mdutyulwa, Annual, 29 Sep 2025, 02 Oct 2025, Tired, Rejected, 4, 26 Sep 2025, ]
Row 57: [Olwethu Mdutyulwa, Annual, 29 Sep 2025, 02 Oct 2025, Tired, Cancelled, 4, 26 Sep 2025, ]
Row 58: [Trust Nkuna, Annual, 30 Sep 2025, 02 Oct 2025, Tired, Pending, 3, 26 Sep 2025, Review]
Row 59: [, , , , , , , , ]
  &amp#27;[32m✔&amp#27;[39m &amp#27;[32m&amp#27;[1mThen &amp#27;[22mi should only receive request that are for the leave type &amp#27;[1mAnnual&amp#27;[22m&amp#27;[39m &amp#27;[90m# org.lubanzi.CoreOps.StepDefinitions.LeaveRequestListStepDef.iShouldOnlyReceiveRequestThatAreForTheLeaveType(java.lang.String)&amp#27;[39m
]]></system-out>
    <system-err><![CDATA[Sept 26, 2025 11:23:51 AM org.openqa.selenium.manager.SeleniumManager lambda$runCommand$1
WARNING: The geckodriver version (0.36.0) detected in PATH at C:\Users\DumisaniMbhele(Luban\Drivers\geckodriver.exe might not be compatible with the detected firefox version (74.0); currently, geckodriver 0.29.1 is recommended for firefox 74.*, so it is advised to delete the driver in PATH and retry
]]></system-err>
  </testcase>
</testsuite>